  StateContainer.cpp
c:\program files (x86)\microsoft visual studio 14.0\vc\include\memory(561): error C2440: '<function-style-cast>': cannot convert from 'std::shared_ptr<State>' to 'std::shared_ptr<Container>'
  c:\program files (x86)\microsoft visual studio 14.0\vc\include\memory(561): note: No constructor could take the source type, or constructor overload resolution was ambiguous
  c:\users\pabu4\documents\visual studio 2015\projects\hardy-part\hardy part\hardy part\layer.h(8): note: see reference to function template instantiation 'std::shared_ptr<Container> &std::shared_ptr<Container>::operator =<State>(std::shared_ptr<State> &&) noexcept' being compiled
  c:\users\pabu4\documents\visual studio 2015\projects\hardy-part\hardy part\hardy part\layer.h(8): note: see reference to function template instantiation 'std::shared_ptr<Container> &std::shared_ptr<Container>::operator =<State>(std::shared_ptr<State> &&) noexcept' being compiled
c:\program files (x86)\microsoft visual studio 14.0\vc\include\memory(561): error C2228: left of '.swap' must have class/struct/union
  Generating Code...
  Compiling...
  Container.cpp
c:\program files (x86)\microsoft visual studio 14.0\vc\include\memory(561): error C2440: '<function-style-cast>': cannot convert from 'std::shared_ptr<State>' to 'std::shared_ptr<Container>'
  c:\program files (x86)\microsoft visual studio 14.0\vc\include\memory(561): note: No constructor could take the source type, or constructor overload resolution was ambiguous
  c:\users\pabu4\documents\visual studio 2015\projects\hardy-part\hardy part\hardy part\layer.h(8): note: see reference to function template instantiation 'std::shared_ptr<Container> &std::shared_ptr<Container>::operator =<State>(std::shared_ptr<State> &&) noexcept' being compiled
  c:\users\pabu4\documents\visual studio 2015\projects\hardy-part\hardy part\hardy part\layer.h(8): note: see reference to function template instantiation 'std::shared_ptr<Container> &std::shared_ptr<Container>::operator =<State>(std::shared_ptr<State> &&) noexcept' being compiled
c:\program files (x86)\microsoft visual studio 14.0\vc\include\memory(561): error C2228: left of '.swap' must have class/struct/union
  Generating Code...
  Compiling...
  Client.cpp
c:\program files (x86)\microsoft visual studio 14.0\vc\include\memory(561): error C2440: '<function-style-cast>': cannot convert from 'std::shared_ptr<State>' to 'std::shared_ptr<Container>'
  c:\program files (x86)\microsoft visual studio 14.0\vc\include\memory(561): note: No constructor could take the source type, or constructor overload resolution was ambiguous
  c:\users\pabu4\documents\visual studio 2015\projects\hardy-part\hardy part\hardy part\layer.h(8): note: see reference to function template instantiation 'std::shared_ptr<Container> &std::shared_ptr<Container>::operator =<State>(std::shared_ptr<State> &&) noexcept' being compiled
  c:\users\pabu4\documents\visual studio 2015\projects\hardy-part\hardy part\hardy part\layer.h(8): note: see reference to function template instantiation 'std::shared_ptr<Container> &std::shared_ptr<Container>::operator =<State>(std::shared_ptr<State> &&) noexcept' being compiled
c:\program files (x86)\microsoft visual studio 14.0\vc\include\memory(561): error C2228: left of '.swap' must have class/struct/union
  Generating Code...
  Compiling...
  Identifier.cpp
c:\program files (x86)\microsoft visual studio 14.0\vc\include\memory(561): error C2440: '<function-style-cast>': cannot convert from 'std::shared_ptr<State>' to 'std::shared_ptr<Container>'
  c:\program files (x86)\microsoft visual studio 14.0\vc\include\memory(561): note: No constructor could take the source type, or constructor overload resolution was ambiguous
  c:\users\pabu4\documents\visual studio 2015\projects\hardy-part\hardy part\hardy part\layer.h(8): note: see reference to function template instantiation 'std::shared_ptr<Container> &std::shared_ptr<Container>::operator =<State>(std::shared_ptr<State> &&) noexcept' being compiled
  c:\users\pabu4\documents\visual studio 2015\projects\hardy-part\hardy part\hardy part\layer.h(8): note: see reference to function template instantiation 'std::shared_ptr<Container> &std::shared_ptr<Container>::operator =<State>(std::shared_ptr<State> &&) noexcept' being compiled
c:\program files (x86)\microsoft visual studio 14.0\vc\include\memory(561): error C2228: left of '.swap' must have class/struct/union
  Generating Code...
  Compiling...
  Message.cpp
  Generating Code...
  Skipping... (no relevant changes detected)
  __Source.cpp
  System.cpp
  State.cpp
  Screen.cpp
  UDP.cpp
  TCP.cpp
  Server.cpp
  Peer.cpp
  Network.cpp
