c:\users\pabu4\documents\visual studio 2015\projects\hardy-part\hardy part\hardy part\debug\vc140.pdb
c:\users\pabu4\documents\visual studio 2015\projects\hardy-part\hardy part\hardy part\debug\vc140.idb
c:\users\pabu4\documents\visual studio 2015\projects\hardy-part\hardy part\hardy part\debug\peer.obj
c:\users\pabu4\documents\visual studio 2015\projects\hardy-part\hardy part\hardy part\debug\server.obj
c:\users\pabu4\documents\visual studio 2015\projects\hardy-part\hardy part\hardy part\debug\tcp.obj
c:\users\pabu4\documents\visual studio 2015\projects\hardy-part\hardy part\hardy part\debug\udp.obj
c:\users\pabu4\documents\visual studio 2015\projects\hardy-part\hardy part\hardy part\debug\layercontainer.obj
c:\users\pabu4\documents\visual studio 2015\projects\hardy-part\hardy part\hardy part\debug\mapping.obj
c:\users\pabu4\documents\visual studio 2015\projects\hardy-part\hardy part\hardy part\debug\movement.obj
c:\users\pabu4\documents\visual studio 2015\projects\hardy-part\hardy part\hardy part\debug\action.obj
c:\users\pabu4\documents\visual studio 2015\projects\hardy-part\hardy part\hardy part\debug\output_handler.obj
c:\users\pabu4\documents\visual studio 2015\projects\hardy-part\hardy part\hardy part\debug\player.obj
c:\users\pabu4\documents\visual studio 2015\projects\hardy-part\hardy part\hardy part\debug\screen.obj
c:\users\pabu4\documents\visual studio 2015\projects\hardy-part\hardy part\hardy part\debug\audio.obj
c:\users\pabu4\documents\visual studio 2015\projects\hardy-part\hardy part\hardy part\debug\sprite.obj
c:\users\pabu4\documents\visual studio 2015\projects\hardy-part\hardy part\hardy part\debug\textfield.obj
c:\users\pabu4\documents\visual studio 2015\projects\hardy-part\hardy part\hardy part\debug\state.obj
c:\users\pabu4\documents\visual studio 2015\projects\hardy-part\hardy part\hardy part\debug\system.obj
c:\users\pabu4\documents\visual studio 2015\projects\hardy-part\hardy part\hardy part\debug\texture.obj
c:\users\pabu4\documents\visual studio 2015\projects\hardy-part\hardy part\hardy part\debug\generic.obj
c:\users\pabu4\documents\visual studio 2015\projects\hardy-part\hardy part\hardy part\debug\timer.obj
c:\users\pabu4\documents\visual studio 2015\projects\hardy-part\hardy part\hardy part\debug\__source.obj
c:\users\pabu4\documents\visual studio 2015\projects\hardy-part\hardy part\hardy part\debug\animation.obj
c:\users\pabu4\documents\visual studio 2015\projects\hardy-part\hardy part\hardy part\debug\camera.obj
c:\users\pabu4\documents\visual studio 2015\projects\hardy-part\hardy part\hardy part\debug\object.obj
c:\users\pabu4\documents\visual studio 2015\projects\hardy-part\hardy part\hardy part\debug\collider.obj
c:\users\pabu4\documents\visual studio 2015\projects\hardy-part\hardy part\hardy part\debug\container.obj
c:\users\pabu4\documents\visual studio 2015\projects\hardy-part\hardy part\hardy part\debug\entity.obj
c:\users\pabu4\documents\visual studio 2015\projects\hardy-part\hardy part\hardy part\debug\input.obj
c:\users\pabu4\documents\visual studio 2015\projects\hardy-part\hardy part\hardy part\debug\client.obj
c:\users\pabu4\documents\visual studio 2015\projects\hardy-part\hardy part\hardy part\debug\identifier.obj
c:\users\pabu4\documents\visual studio 2015\projects\hardy-part\hardy part\hardy part\debug\message.obj
c:\users\pabu4\documents\visual studio 2015\projects\hardy-part\hardy part\hardy part\debug\network.obj
c:\users\pabu4\documents\visual studio 2015\projects\hardy-part\hardy part\debug\hardy part.ilk
c:\users\pabu4\documents\visual studio 2015\projects\hardy-part\hardy part\debug\hardy part.exe
c:\users\pabu4\documents\visual studio 2015\projects\hardy-part\hardy part\debug\hardy part.pdb
c:\users\pabu4\documents\visual studio 2015\projects\hardy-part\hardy part\hardy part\debug\hardy part.tlog\cl.command.1.tlog
c:\users\pabu4\documents\visual studio 2015\projects\hardy-part\hardy part\hardy part\debug\hardy part.tlog\cl.read.1.tlog
c:\users\pabu4\documents\visual studio 2015\projects\hardy-part\hardy part\hardy part\debug\hardy part.tlog\cl.write.1.tlog
c:\users\pabu4\documents\visual studio 2015\projects\hardy-part\hardy part\hardy part\debug\hardy part.tlog\link.command.1.tlog
c:\users\pabu4\documents\visual studio 2015\projects\hardy-part\hardy part\hardy part\debug\hardy part.tlog\link.read.1.tlog
c:\users\pabu4\documents\visual studio 2015\projects\hardy-part\hardy part\hardy part\debug\hardy part.tlog\link.write.1.tlog
